<?xml version="1.0" encoding="UTF-8"?>
<!-- Generated by org.testng.reporters.JUnitXMLReporter -->
<testsuite hostname="DESKTOP-OO3PNTG" ignored="0" tests="4" failures="0" timestamp="13 Jul 2021 13:20:16 GMT" time="0.116" errors="0">
  <testcase name="first" time="0.024" classname="SampleGroups"/>
  <testcase name="four" time="0.013" classname="SampleGroups"/>
  <testcase name="second" time="0.006" classname="SampleGroups"/>
  <testcase name="third" time="0.001" classname="SampleGroups"/>
</testsuite>
