<?xml version="1.0" encoding="UTF-8"?>
<!-- Generated by org.testng.reporters.JUnitXMLReporter -->
<testsuite hostname="DESKTOP-OO3PNTG" ignored="2" tests="2" failures="0" timestamp="14 Jul 2021 04:34:36 GMT" time="0.076" errors="0">
  <testcase name="first" time="0.015" classname="SampleGroups"/>
  <testcase name="third" time="0.002" classname="SampleGroups"/>
  <testcase name="four" time="0.0" classname="SampleGroups">
    <ignored/>
  </testcase> <!-- four -->
  <testcase name="second" time="0.0" classname="SampleGroups">
    <ignored/>
  </testcase> <!-- second -->
</testsuite>
