<?xml version="1.0" encoding="UTF-8"?>
<!-- Generated by org.testng.reporters.JUnitXMLReporter -->
<testsuite hostname="DESKTOP-OO3PNTG" ignored="0" tests="9" failures="0" timestamp="22 Jul 2021 02:36:53 GMT" time="0.09" errors="0">
  <testcase name="methdA" time="0.015" classname="Tclsmethds"/>
  <testcase name="methdA" time="0.005" classname="Tclsmethds"/>
  <testcase name="methdA" time="0.002" classname="Tclsmethds"/>
  <testcase name="methdA" time="0.002" classname="Tclsmethds"/>
  <testcase name="methdB" time="0.002" classname="Tclsmethds"/>
  <testcase name="methdD" time="0.002" classname="Tclsmethds"/>
  <testcase name="methdE" time="0.002" classname="Tclsmethds"/>
  <testcase name="methdC" time="0.002" classname="Tclsmethds"/>
  <testcase name="methdC" time="0.003" classname="Tclsmethds"/>
</testsuite>
